{"level":"error","message":"something wrong something wrong","stack":"Error: something wrong\n    at C:\\Users\\Augah\\Documents\\projects\\node.js\\vidly-app\\Routes\\Genres.js:25:9\n    at C:\\Users\\Augah\\Documents\\projects\\node.js\\vidly-app\\middleware\\async.js:4:13\n    at Layer.handle [as handle_request] (C:\\Users\\Augah\\Documents\\projects\\node.js\\vidly-app\\node_modules\\express\\lib\\router\\layer.js:95:5)\n    at next (C:\\Users\\Augah\\Documents\\projects\\node.js\\vidly-app\\node_modules\\express\\lib\\router\\route.js:144:13)\n    at Route.dispatch (C:\\Users\\Augah\\Documents\\projects\\node.js\\vidly-app\\node_modules\\express\\lib\\router\\route.js:114:3)\n    at Layer.handle [as handle_request] (C:\\Users\\Augah\\Documents\\projects\\node.js\\vidly-app\\node_modules\\express\\lib\\router\\layer.js:95:5)\n    at C:\\Users\\Augah\\Documents\\projects\\node.js\\vidly-app\\node_modules\\express\\lib\\router\\index.js:284:15\n    at Function.process_params (C:\\Users\\Augah\\Documents\\projects\\node.js\\vidly-app\\node_modules\\express\\lib\\router\\index.js:346:12)\n    at next (C:\\Users\\Augah\\Documents\\projects\\node.js\\vidly-app\\node_modules\\express\\lib\\router\\index.js:280:10)\n    at Function.handle (C:\\Users\\Augah\\Documents\\projects\\node.js\\vidly-app\\node_modules\\express\\lib\\router\\index.js:175:3)"}
{"level":"error","message":"something wrong something wrong","stack":"Error: something wrong\n    at C:\\Users\\Augah\\Documents\\projects\\node.js\\vidly-app\\Routes\\Genres.js:25:9\n    at C:\\Users\\Augah\\Documents\\projects\\node.js\\vidly-app\\middleware\\async.js:4:13\n    at Layer.handle [as handle_request] (C:\\Users\\Augah\\Documents\\projects\\node.js\\vidly-app\\node_modules\\express\\lib\\router\\layer.js:95:5)\n    at next (C:\\Users\\Augah\\Documents\\projects\\node.js\\vidly-app\\node_modules\\express\\lib\\router\\route.js:144:13)\n    at Route.dispatch (C:\\Users\\Augah\\Documents\\projects\\node.js\\vidly-app\\node_modules\\express\\lib\\router\\route.js:114:3)\n    at Layer.handle [as handle_request] (C:\\Users\\Augah\\Documents\\projects\\node.js\\vidly-app\\node_modules\\express\\lib\\router\\layer.js:95:5)\n    at C:\\Users\\Augah\\Documents\\projects\\node.js\\vidly-app\\node_modules\\express\\lib\\router\\index.js:284:15\n    at Function.process_params (C:\\Users\\Augah\\Documents\\projects\\node.js\\vidly-app\\node_modules\\express\\lib\\router\\index.js:346:12)\n    at next (C:\\Users\\Augah\\Documents\\projects\\node.js\\vidly-app\\node_modules\\express\\lib\\router\\index.js:280:10)\n    at Function.handle (C:\\Users\\Augah\\Documents\\projects\\node.js\\vidly-app\\node_modules\\express\\lib\\router\\index.js:175:3)"}
{"level":"error","message":"something wrong","options":{}}
{
  message: 'something wrong',
  level: 'error',
  timestamp: '2024-02-02T12:30:21.820Z'
}
{
  message: 'something wrong',
  level: 'error',
  timestamp: '2024-02-02T13:04:15.730Z'
}
{
  level: 'error',
  message: 'something wrong something wrong',
  stack: 'Error: something wrong\n' +
    '    at C:\\Users\\Augah\\Documents\\projects\\node.js\\vidly-app\\Routes\\Genres.js:25:9\n' +
    '    at C:\\Users\\Augah\\Documents\\projects\\node.js\\vidly-app\\middleware\\async.js:4:13\n' +
    '    at Layer.handle [as handle_request] (C:\\Users\\Augah\\Documents\\projects\\node.js\\vidly-app\\node_modules\\express\\lib\\router\\layer.js:95:5)\n' +
    '    at next (C:\\Users\\Augah\\Documents\\projects\\node.js\\vidly-app\\node_modules\\express\\lib\\router\\route.js:144:13)\n' +
    '    at Route.dispatch (C:\\Users\\Augah\\Documents\\projects\\node.js\\vidly-app\\node_modules\\express\\lib\\router\\route.js:114:3)\n' +
    '    at Layer.handle [as handle_request] (C:\\Users\\Augah\\Documents\\projects\\node.js\\vidly-app\\node_modules\\express\\lib\\router\\layer.js:95:5)\n' +
    '    at C:\\Users\\Augah\\Documents\\projects\\node.js\\vidly-app\\node_modules\\express\\lib\\router\\index.js:284:15\n' +
    '    at Function.process_params (C:\\Users\\Augah\\Documents\\projects\\node.js\\vidly-app\\node_modules\\express\\lib\\router\\index.js:346:12)\n' +
    '    at next (C:\\Users\\Augah\\Documents\\projects\\node.js\\vidly-app\\node_modules\\express\\lib\\router\\index.js:280:10)\n' +
    '    at Function.handle (C:\\Users\\Augah\\Documents\\projects\\node.js\\vidly-app\\node_modules\\express\\lib\\router\\index.js:175:3)',
  timestamp: '2024-02-02T13:05:20.769Z'
}
{
  level: 'error',
  message: 'something wrong something wrong',
  stack: 'Error: something wrong\n' +
    '    at C:\\Users\\Augah\\Documents\\projects\\node.js\\vidly-app\\Routes\\Genres.js:25:9\n' +
    '    at C:\\Users\\Augah\\Documents\\projects\\node.js\\vidly-app\\middleware\\async.js:4:13\n' +
    '    at Layer.handle [as handle_request] (C:\\Users\\Augah\\Documents\\projects\\node.js\\vidly-app\\node_modules\\express\\lib\\router\\layer.js:95:5)\n' +
    '    at next (C:\\Users\\Augah\\Documents\\projects\\node.js\\vidly-app\\node_modules\\express\\lib\\router\\route.js:144:13)\n' +
    '    at Route.dispatch (C:\\Users\\Augah\\Documents\\projects\\node.js\\vidly-app\\node_modules\\express\\lib\\router\\route.js:114:3)\n' +
    '    at Layer.handle [as handle_request] (C:\\Users\\Augah\\Documents\\projects\\node.js\\vidly-app\\node_modules\\express\\lib\\router\\layer.js:95:5)\n' +
    '    at C:\\Users\\Augah\\Documents\\projects\\node.js\\vidly-app\\node_modules\\express\\lib\\router\\index.js:284:15\n' +
    '    at Function.process_params (C:\\Users\\Augah\\Documents\\projects\\node.js\\vidly-app\\node_modules\\express\\lib\\router\\index.js:346:12)\n' +
    '    at next (C:\\Users\\Augah\\Documents\\projects\\node.js\\vidly-app\\node_modules\\express\\lib\\router\\index.js:280:10)\n' +
    '    at Function.handle (C:\\Users\\Augah\\Documents\\projects\\node.js\\vidly-app\\node_modules\\express\\lib\\router\\index.js:175:3)',
  timestamp: '2024-02-02T13:06:09.915Z'
}
{
  level: 'error',
  message: 'modulexports is not defined modulexports is not defined',
  stack: 'ReferenceError: modulexports is not defined\n' +
    '    at Object.<anonymous> (C:\\Users\\Augah\\Documents\\projects\\node.js\\vidly-app\\index.js:68:1)\n' +
    '    at Module._compile (node:internal/modules/cjs/loader:1256:14)\n' +
    '    at Module._extensions..js (node:internal/modules/cjs/loader:1310:10)\n' +
    '    at Module.load (node:internal/modules/cjs/loader:1119:32)\n' +
    '    at Module._load (node:internal/modules/cjs/loader:960:12)\n' +
    '    at Function.executeUserEntryPoint [as runMain] (node:internal/modules/run_main:86:12)\n' +
    '    at node:internal/main/run_main_module:23:47',
  timestamp: '2024-02-02T16:02:29.148Z'
}
{
  level: 'error',
  message: 'app.use() requires a middleware function app.use() requires a middleware function',
  stack: 'TypeError: app.use() requires a middleware function\n' +
    '    at Function.use (C:\\Users\\Augah\\Documents\\projects\\node.js\\vidly-app\\node_modules\\express\\lib\\application.js:217:11)\n' +
    '    at Object.<anonymous> (C:\\Users\\Augah\\Documents\\projects\\node.js\\vidly-app\\index.js:44:5)\n' +
    '    at Module._compile (node:internal/modules/cjs/loader:1256:14)\n' +
    '    at Module._extensions..js (node:internal/modules/cjs/loader:1310:10)\n' +
    '    at Module.load (node:internal/modules/cjs/loader:1119:32)\n' +
    '    at Module._load (node:internal/modules/cjs/loader:960:12)\n' +
    '    at Function.executeUserEntryPoint [as runMain] (node:internal/modules/run_main:86:12)\n' +
    '    at node:internal/main/run_main_module:23:47',
  timestamp: '2024-02-14T07:55:52.889Z'
}
{
  code: 'ERR_INVALID_ARG_TYPE',
  level: 'error',
  message: 'The "listener" argument must be of type function. Received undefined The "listener" argument must be of type function. Received undefined',
  stack: 'TypeError [ERR_INVALID_ARG_TYPE]: The "listener" argument must be of type function. Received undefined\n' +
    '    at checkListener (node:events:270:3)\n' +
    '    at _addListener (node:events:550:3)\n' +
    '    at process.addListener (node:events:609:10)\n' +
    '    at Object.<anonymous> (C:\\Users\\Augah\\Documents\\projects\\node.js\\vidly-app\\index.js:21:9)\n' +
    '    at Module._compile (node:internal/modules/cjs/loader:1256:14)\n' +
    '    at Module._extensions..js (node:internal/modules/cjs/loader:1310:10)\n' +
    '    at Module.load (node:internal/modules/cjs/loader:1119:32)\n' +
    '    at Module._load (node:internal/modules/cjs/loader:960:12)\n' +
    '    at Function.executeUserEntryPoint [as runMain] (node:internal/modules/run_main:86:12)\n' +
    '    at node:internal/main/run_main_module:23:47',
  timestamp: '2024-02-14T08:09:06.799Z'
}
{
  code: 'ERR_INVALID_ARG_TYPE',
  level: 'error',
  message: 'The "listener" argument must be of type function. Received undefined The "listener" argument must be of type function. Received undefined',
  stack: 'TypeError [ERR_INVALID_ARG_TYPE]: The "listener" argument must be of type function. Received undefined\n' +
    '    at checkListener (node:events:270:3)\n' +
    '    at _addListener (node:events:550:3)\n' +
    '    at process.addListener (node:events:609:10)\n' +
    '    at Object.<anonymous> (C:\\Users\\Augah\\Documents\\projects\\node.js\\vidly-app\\index.js:21:9)\n' +
    '    at Module._compile (node:internal/modules/cjs/loader:1256:14)\n' +
    '    at Module._extensions..js (node:internal/modules/cjs/loader:1310:10)\n' +
    '    at Module.load (node:internal/modules/cjs/loader:1119:32)\n' +
    '    at Module._load (node:internal/modules/cjs/loader:960:12)\n' +
    '    at Function.executeUserEntryPoint [as runMain] (node:internal/modules/run_main:86:12)\n' +
    '    at node:internal/main/run_main_module:23:47',
  timestamp: '2024-02-14T08:09:09.925Z'
}
{
  code: 'ERR_INVALID_ARG_TYPE',
  level: 'error',
  message: 'The "listener" argument must be of type function. Received undefined The "listener" argument must be of type function. Received undefined',
  stack: 'TypeError [ERR_INVALID_ARG_TYPE]: The "listener" argument must be of type function. Received undefined\n' +
    '    at checkListener (node:events:270:3)\n' +
    '    at _addListener (node:events:550:3)\n' +
    '    at process.addListener (node:events:609:10)\n' +
    '    at Object.<anonymous> (C:\\Users\\Augah\\Documents\\projects\\node.js\\vidly-app\\index.js:21:9)\n' +
    '    at Module._compile (node:internal/modules/cjs/loader:1256:14)\n' +
    '    at Module._extensions..js (node:internal/modules/cjs/loader:1310:10)\n' +
    '    at Module.load (node:internal/modules/cjs/loader:1119:32)\n' +
    '    at Module._load (node:internal/modules/cjs/loader:960:12)\n' +
    '    at Function.executeUserEntryPoint [as runMain] (node:internal/modules/run_main:86:12)\n' +
    '    at node:internal/main/run_main_module:23:47',
  timestamp: '2024-02-14T08:09:13.952Z'
}
{
  code: 'ERR_INVALID_ARG_TYPE',
  level: 'error',
  message: 'The "listener" argument must be of type function. Received undefined The "listener" argument must be of type function. Received undefined',
  stack: 'TypeError [ERR_INVALID_ARG_TYPE]: The "listener" argument must be of type function. Received undefined\n' +
    '    at checkListener (node:events:270:3)\n' +
    '    at _addListener (node:events:550:3)\n' +
    '    at process.addListener (node:events:609:10)\n' +
    '    at Object.<anonymous> (C:\\Users\\Augah\\Documents\\projects\\node.js\\vidly-app\\index.js:21:9)\n' +
    '    at Module._compile (node:internal/modules/cjs/loader:1256:14)\n' +
    '    at Module._extensions..js (node:internal/modules/cjs/loader:1310:10)\n' +
    '    at Module.load (node:internal/modules/cjs/loader:1119:32)\n' +
    '    at Module._load (node:internal/modules/cjs/loader:960:12)\n' +
    '    at Function.executeUserEntryPoint [as runMain] (node:internal/modules/run_main:86:12)\n' +
    '    at node:internal/main/run_main_module:23:47',
  timestamp: '2024-02-14T08:09:18.239Z'
}
{
  level: 'error',
  message: 'err is not defined err is not defined',
  stack: 'ReferenceError: err is not defined\n' +
    '    at Object.<anonymous> (C:\\Users\\Augah\\Documents\\projects\\node.js\\vidly-app\\index.js:21:35)\n' +
    '    at Module._compile (node:internal/modules/cjs/loader:1256:14)\n' +
    '    at Module._extensions..js (node:internal/modules/cjs/loader:1310:10)\n' +
    '    at Module.load (node:internal/modules/cjs/loader:1119:32)\n' +
    '    at Module._load (node:internal/modules/cjs/loader:960:12)\n' +
    '    at Function.executeUserEntryPoint [as runMain] (node:internal/modules/run_main:86:12)\n' +
    '    at node:internal/main/run_main_module:23:47',
  timestamp: '2024-02-14T08:09:24.680Z'
}
{
  level: 'error',
  message: undefined,
  timestamp: '2024-02-14T08:10:52.101Z'
}
{
  level: 'error',
  message: undefined,
  timestamp: '2024-02-14T08:10:59.824Z'
}
{
  level: 'error',
  message: undefined,
  timestamp: '2024-02-14T08:11:02.219Z'
}
{
  level: 'error',
  message: undefined,
  timestamp: '2024-02-14T08:11:04.886Z'
}
{
  level: 'error',
  message: undefined,
  timestamp: '2024-02-14T08:11:19.396Z'
}
{
  level: 'error',
  message: undefined,
  timestamp: '2024-02-14T08:13:19.987Z'
}
{
  level: 'error',
  message: 'something went wrong something went wrong',
  stack: 'Error: something went wrong\n' +
    '    at Object.<anonymous> (C:\\Users\\Augah\\Documents\\projects\\node.js\\vidly-app\\index.js:30:26)\n' +
    '    at Module._compile (node:internal/modules/cjs/loader:1256:14)\n' +
    '    at Module._extensions..js (node:internal/modules/cjs/loader:1310:10)\n' +
    '    at Module.load (node:internal/modules/cjs/loader:1119:32)\n' +
    '    at Module._load (node:internal/modules/cjs/loader:960:12)\n' +
    '    at Function.executeUserEntryPoint [as runMain] (node:internal/modules/run_main:86:12)\n' +
    '    at node:internal/main/run_main_module:23:47',
  timestamp: '2024-02-14T08:16:06.276Z'
}
{
  level: 'error',
  message: 'something went wrong something went wrong',
  stack: 'Error: something went wrong\n' +
    '    at Object.<anonymous> (C:\\Users\\Augah\\Documents\\projects\\node.js\\vidly-app\\index.js:32:26)\n' +
    '    at Module._compile (node:internal/modules/cjs/loader:1256:14)\n' +
    '    at Module._extensions..js (node:internal/modules/cjs/loader:1310:10)\n' +
    '    at Module.load (node:internal/modules/cjs/loader:1119:32)\n' +
    '    at Module._load (node:internal/modules/cjs/loader:960:12)\n' +
    '    at Function.executeUserEntryPoint [as runMain] (node:internal/modules/run_main:86:12)\n' +
    '    at node:internal/main/run_main_module:23:47',
  timestamp: '2024-02-14T09:11:46.118Z'
}
{
  level: 'error',
  message: 'something went wrong something went wrong',
  stack: 'Error: something went wrong\n' +
    '    at Object.<anonymous> (C:\\Users\\Augah\\Documents\\projects\\node.js\\vidly-app\\index.js:32:26)\n' +
    '    at Module._compile (node:internal/modules/cjs/loader:1256:14)\n' +
    '    at Module._extensions..js (node:internal/modules/cjs/loader:1310:10)\n' +
    '    at Module.load (node:internal/modules/cjs/loader:1119:32)\n' +
    '    at Module._load (node:internal/modules/cjs/loader:960:12)\n' +
    '    at Function.executeUserEntryPoint [as runMain] (node:internal/modules/run_main:86:12)\n' +
    '    at node:internal/main/run_main_module:23:47',
  timestamp: '2024-02-14T09:11:51.568Z'
}
{
  level: 'error',
  message: 'something went wrong something went wrong',
  stack: 'Error: something went wrong\n' +
    '    at Object.<anonymous> (C:\\Users\\Augah\\Documents\\projects\\node.js\\vidly-app\\index.js:32:26)\n' +
    '    at Module._compile (node:internal/modules/cjs/loader:1256:14)\n' +
    '    at Module._extensions..js (node:internal/modules/cjs/loader:1310:10)\n' +
    '    at Module.load (node:internal/modules/cjs/loader:1119:32)\n' +
    '    at Module._load (node:internal/modules/cjs/loader:960:12)\n' +
    '    at Function.executeUserEntryPoint [as runMain] (node:internal/modules/run_main:86:12)\n' +
    '    at node:internal/main/run_main_module:23:47',
  timestamp: '2024-02-14T09:12:16.820Z'
}
{
  level: 'error',
  message: 'something went wrong something went wrong',
  stack: 'Error: something went wrong\n' +
    '    at Object.<anonymous> (C:\\Users\\Augah\\Documents\\projects\\node.js\\vidly-app\\index.js:32:26)\n' +
    '    at Module._compile (node:internal/modules/cjs/loader:1256:14)\n' +
    '    at Module._extensions..js (node:internal/modules/cjs/loader:1310:10)\n' +
    '    at Module.load (node:internal/modules/cjs/loader:1119:32)\n' +
    '    at Module._load (node:internal/modules/cjs/loader:960:12)\n' +
    '    at Function.executeUserEntryPoint [as runMain] (node:internal/modules/run_main:86:12)\n' +
    '    at node:internal/main/run_main_module:23:47',
  timestamp: '2024-02-14T09:12:20.227Z'
}
{
  level: 'error',
  message: 'something went wrong something went wrong',
  stack: 'Error: something went wrong\n' +
    '    at Object.<anonymous> (C:\\Users\\Augah\\Documents\\projects\\node.js\\vidly-app\\index.js:32:26)\n' +
    '    at Module._compile (node:internal/modules/cjs/loader:1256:14)\n' +
    '    at Module._extensions..js (node:internal/modules/cjs/loader:1310:10)\n' +
    '    at Module.load (node:internal/modules/cjs/loader:1119:32)\n' +
    '    at Module._load (node:internal/modules/cjs/loader:960:12)\n' +
    '    at Function.executeUserEntryPoint [as runMain] (node:internal/modules/run_main:86:12)\n' +
    '    at node:internal/main/run_main_module:23:47',
  timestamp: '2024-02-14T09:12:29.072Z'
}
{
  level: 'error',
  message: 'something went wrong something went wrong',
  stack: 'Error: something went wrong\n' +
    '    at Object.<anonymous> (C:\\Users\\Augah\\Documents\\projects\\node.js\\vidly-app\\index.js:34:26)\n' +
    '    at Module._compile (node:internal/modules/cjs/loader:1256:14)\n' +
    '    at Module._extensions..js (node:internal/modules/cjs/loader:1310:10)\n' +
    '    at Module.load (node:internal/modules/cjs/loader:1119:32)\n' +
    '    at Module._load (node:internal/modules/cjs/loader:960:12)\n' +
    '    at Function.executeUserEntryPoint [as runMain] (node:internal/modules/run_main:86:12)\n' +
    '    at node:internal/main/run_main_module:23:47',
  timestamp: '2024-02-14T09:14:03.908Z'
}
{
  level: 'error',
  message: 'something went wrong something went wrong',
  stack: 'Error: something went wrong\n' +
    '    at Object.<anonymous> (C:\\Users\\Augah\\Documents\\projects\\node.js\\vidly-app\\index.js:34:26)\n' +
    '    at Module._compile (node:internal/modules/cjs/loader:1256:14)\n' +
    '    at Module._extensions..js (node:internal/modules/cjs/loader:1310:10)\n' +
    '    at Module.load (node:internal/modules/cjs/loader:1119:32)\n' +
    '    at Module._load (node:internal/modules/cjs/loader:960:12)\n' +
    '    at Function.executeUserEntryPoint [as runMain] (node:internal/modules/run_main:86:12)\n' +
    '    at node:internal/main/run_main_module:23:47',
  timestamp: '2024-02-14T09:14:28.406Z'
}
{
  level: 'error',
  message: 'something went wrong something went wrong',
  stack: 'Error: something went wrong\n' +
    '    at Object.<anonymous> (C:\\Users\\Augah\\Documents\\projects\\node.js\\vidly-app\\index.js:34:26)\n' +
    '    at Module._compile (node:internal/modules/cjs/loader:1256:14)\n' +
    '    at Module._extensions..js (node:internal/modules/cjs/loader:1310:10)\n' +
    '    at Module.load (node:internal/modules/cjs/loader:1119:32)\n' +
    '    at Module._load (node:internal/modules/cjs/loader:960:12)\n' +
    '    at Function.executeUserEntryPoint [as runMain] (node:internal/modules/run_main:86:12)\n' +
    '    at node:internal/main/run_main_module:23:47',
  timestamp: '2024-02-14T09:15:18.352Z'
}
{
  level: 'error',
  message: 'something went wrong something went wrong',
  stack: 'Error: something went wrong\n' +
    '    at Object.<anonymous> (C:\\Users\\Augah\\Documents\\projects\\node.js\\vidly-app\\index.js:34:26)\n' +
    '    at Module._compile (node:internal/modules/cjs/loader:1256:14)\n' +
    '    at Module._extensions..js (node:internal/modules/cjs/loader:1310:10)\n' +
    '    at Module.load (node:internal/modules/cjs/loader:1119:32)\n' +
    '    at Module._load (node:internal/modules/cjs/loader:960:12)\n' +
    '    at Function.executeUserEntryPoint [as runMain] (node:internal/modules/run_main:86:12)\n' +
    '    at node:internal/main/run_main_module:23:47',
  timestamp: '2024-02-14T09:19:19.706Z'
}
{
  level: 'error',
  message: 'something went wrong something went wrong',
  stack: 'Error: something went wrong\n' +
    '    at Object.<anonymous> (C:\\Users\\Augah\\Documents\\projects\\node.js\\vidly-app\\index.js:34:26)\n' +
    '    at Module._compile (node:internal/modules/cjs/loader:1256:14)\n' +
    '    at Module._extensions..js (node:internal/modules/cjs/loader:1310:10)\n' +
    '    at Module.load (node:internal/modules/cjs/loader:1119:32)\n' +
    '    at Module._load (node:internal/modules/cjs/loader:960:12)\n' +
    '    at Function.executeUserEntryPoint [as runMain] (node:internal/modules/run_main:86:12)\n' +
    '    at node:internal/main/run_main_module:23:47',
  timestamp: '2024-02-14T09:20:13.501Z'
}
{
  level: 'error',
  message: 'something went wrong something went wrong',
  stack: 'Error: something went wrong\n' +
    '    at Object.<anonymous> (C:\\Users\\Augah\\Documents\\projects\\node.js\\vidly-app\\index.js:35:26)\n' +
    '    at Module._compile (node:internal/modules/cjs/loader:1256:14)\n' +
    '    at Module._extensions..js (node:internal/modules/cjs/loader:1310:10)\n' +
    '    at Module.load (node:internal/modules/cjs/loader:1119:32)\n' +
    '    at Module._load (node:internal/modules/cjs/loader:960:12)\n' +
    '    at Function.executeUserEntryPoint [as runMain] (node:internal/modules/run_main:86:12)\n' +
    '    at node:internal/main/run_main_module:23:47',
  timestamp: '2024-02-14T09:21:26.103Z'
}
{
  level: 'error',
  message: 'something went wrong something went wrong',
  stack: 'Error: something went wrong\n' +
    '    at Object.<anonymous> (C:\\Users\\Augah\\Documents\\projects\\node.js\\vidly-app\\index.js:34:26)\n' +
    '    at Module._compile (node:internal/modules/cjs/loader:1256:14)\n' +
    '    at Module._extensions..js (node:internal/modules/cjs/loader:1310:10)\n' +
    '    at Module.load (node:internal/modules/cjs/loader:1119:32)\n' +
    '    at Module._load (node:internal/modules/cjs/loader:960:12)\n' +
    '    at Function.executeUserEntryPoint [as runMain] (node:internal/modules/run_main:86:12)\n' +
    '    at node:internal/main/run_main_module:23:47',
  timestamp: '2024-02-14T09:23:19.425Z'
}
{
  level: 'error',
  message: 'something went wrong something went wrong',
  stack: 'Error: something went wrong\n' +
    '    at Object.<anonymous> (C:\\Users\\Augah\\Documents\\projects\\node.js\\vidly-app\\index.js:34:26)\n' +
    '    at Module._compile (node:internal/modules/cjs/loader:1256:14)\n' +
    '    at Module._extensions..js (node:internal/modules/cjs/loader:1310:10)\n' +
    '    at Module.load (node:internal/modules/cjs/loader:1119:32)\n' +
    '    at Module._load (node:internal/modules/cjs/loader:960:12)\n' +
    '    at Function.executeUserEntryPoint [as runMain] (node:internal/modules/run_main:86:12)\n' +
    '    at node:internal/main/run_main_module:23:47',
  timestamp: '2024-02-14T09:27:11.340Z'
}
{
  level: 'error',
  message: 'something went wrong something went wrong',
  stack: 'Error: something went wrong\n' +
    '    at Object.<anonymous> (C:\\Users\\Augah\\Documents\\projects\\node.js\\vidly-app\\index.js:34:26)\n' +
    '    at Module._compile (node:internal/modules/cjs/loader:1256:14)\n' +
    '    at Module._extensions..js (node:internal/modules/cjs/loader:1310:10)\n' +
    '    at Module.load (node:internal/modules/cjs/loader:1119:32)\n' +
    '    at Module._load (node:internal/modules/cjs/loader:960:12)\n' +
    '    at Function.executeUserEntryPoint [as runMain] (node:internal/modules/run_main:86:12)\n' +
    '    at node:internal/main/run_main_module:23:47',
  timestamp: '2024-02-14T09:35:42.102Z'
}
